----------

Fri Dec 11 2020 14:21:55 GMT-0600 (Central Standard Time)

To https://github.com/v-za/v-za.github.io.git
   d75072c..8fb8918  master -> master


----------

Fri Dec 11 2020 14:22:05 GMT-0600 (Central Standard Time)

To https://github.com/v-za/v-za.github.io.git
 ! [remote rejected] master -> master (cannot lock ref 'refs/heads/master': is at 8fb89189789d90bc7837f7e6ed307ad37165f0cf but expected d75072cb2ed8f60d00749ae7445cb7ad1d3783b5)
error: failed to push some refs to 'https://github.com/v-za/v-za.github.io.git'


----------

Fri Dec 11 2020 14:27:38 GMT-0600 (Central Standard Time)

To https://github.com/v-za/v-za.github.io.git
   2ee0b79..6cccf64  master -> master


----------

Fri Dec 11 2020 14:29:12 GMT-0600 (Central Standard Time)

To https://github.com/v-za/v-za.github.io.git
   7015c64..4f070c1  master -> master


----------

Fri Dec 11 2020 14:31:01 GMT-0600 (Central Standard Time)

To https://github.com/v-za/v-za.github.io.git
   266eb4f..b9cd559  master -> master


----------

Fri Dec 11 2020 14:32:54 GMT-0600 (Central Standard Time)

To https://github.com/v-za/v-za.github.io.git
   7eb252b..dc044e5  master -> master


----------

Fri Dec 11 2020 14:35:33 GMT-0600 (Central Standard Time)

To https://github.com/v-za/v-za.github.io.git
   1796c02..9459774  master -> master


----------

Fri Dec 11 2020 14:40:46 GMT-0600 (Central Standard Time)

To https://github.com/v-za/v-za.github.io.git
   1bb9151..1e63528  master -> master


